{"uuid":"90d73be1-6658-41b5-8bba-413ba3b9e906","historyId":"14442fd568b0a752ab7ade6c571c03c7","fullName":"scripts.testset1.NetlifySearchTest.searchTest","labels":[{"name":"package","value":"scripts.testset1.NetlifySearchTest"},{"name":"testClass","value":"scripts.testset1.NetlifySearchTest"},{"name":"testMethod","value":"searchTest"},{"name":"parentSuite","value":"Suite name"},{"name":"suite","value":"Test demo"},{"name":"subSuite","value":"scripts.testset1.NetlifySearchTest"},{"name":"host","value":"VNHC-DA-M00035local.local"},{"name":"thread","value":"31883@VNHC-DA-M00035local.local.main(1)"},{"name":"framework","value":"testng"},{"name":"language","value":"java"}],"links":[],"name":"searchTest","status":"broken","statusDetails":{"known":false,"muted":false,"flaky":false,"message":"[java.lang.AssertionError: Verify line1 expected [kathy] but found [aa], java.lang.AssertionError: Verify line2 expected [kathy] but found [bb]]","trace":"java.lang.Throwable: [java.lang.AssertionError: Verify line1 expected [kathy] but found [aa], java.lang.AssertionError: Verify line2 expected [kathy] but found [bb]]\n\tat listener.MethodListener.afterInvocation(MethodListener.java:17)\n\tat org.testng.internal.invokers.InvokedMethodListenerInvoker.invokeListener(InvokedMethodListenerInvoker.java:59)\n\tat org.testng.internal.invokers.BaseInvoker.runInvokedMethodListeners(BaseInvoker.java:67)\n\tat org.testng.internal.invokers.TestInvoker.invokeMethod(TestInvoker.java:736)\n\tat org.testng.internal.invokers.TestInvoker.invokeTestMethod(TestInvoker.java:221)\n\tat org.testng.internal.invokers.MethodRunner.runInSequence(MethodRunner.java:50)\n\tat org.testng.internal.invokers.TestInvoker$MethodInvocationAgent.invoke(TestInvoker.java:969)\n\tat org.testng.internal.invokers.TestInvoker.invokeTestMethods(TestInvoker.java:194)\n\tat org.testng.internal.invokers.TestMethodWorker.invokeTestMethods(TestMethodWorker.java:148)\n\tat org.testng.internal.invokers.TestMethodWorker.run(TestMethodWorker.java:128)\n\tat java.base/java.util.ArrayList.forEach(ArrayList.java:1541)\n\tat org.testng.TestRunner.privateRun(TestRunner.java:829)\n\tat org.testng.TestRunner.run(TestRunner.java:602)\n\tat org.testng.SuiteRunner.runTest(SuiteRunner.java:437)\n\tat org.testng.SuiteRunner.runSequentially(SuiteRunner.java:431)\n\tat org.testng.SuiteRunner.privateRun(SuiteRunner.java:391)\n\tat org.testng.SuiteRunner.run(SuiteRunner.java:330)\n\tat org.testng.SuiteRunnerWorker.runSuite(SuiteRunnerWorker.java:52)\n\tat org.testng.SuiteRunnerWorker.run(SuiteRunnerWorker.java:95)\n\tat org.testng.TestNG.runSuitesSequentially(TestNG.java:1256)\n\tat org.testng.TestNG.runSuitesLocally(TestNG.java:1176)\n\tat org.testng.TestNG.runSuites(TestNG.java:1099)\n\tat org.testng.TestNG.run(TestNG.java:1067)\n\tat com.intellij.rt.testng.IDEARemoteTestNG.run(IDEARemoteTestNG.java:66)\n\tat com.intellij.rt.testng.RemoteTestNGStarter.main(RemoteTestNGStarter.java:105)\n"},"stage":"finished","steps":[{"name":"Do a search with  kathy","status":"passed","stage":"finished","steps":[],"attachments":[],"parameters":[{"name":"text","value":"kathy"}],"start":1713519676533,"stop":1713519676666},{"name":"Clear search","status":"passed","stage":"finished","steps":[],"attachments":[],"parameters":[],"start":1713519676667,"stop":1713519676719}],"attachments":[{"name":"Page screenshot","source":"0d1e8b40-585f-4e59-8615-5499934b11a9-attachment","type":"image/png"}],"parameters":[{"name":"environment","value":"dev"},{"name":"browser","value":"chrome"},{"name":"arg0","value":"kathy"}],"start":1713519676532,"stop":1713519676896}